
########################################################
Dhrystone 2 using register variables -- 1 copy
==> "/home/ray/byte-unixbench-5.1.3/UnixBench/pgms/dhry2reg" 10 2>&1 >> "/home/ray/byte-unixbench-5.1.3/UnixBench/results/ray-2023-06-06-01.log"

#### Pass 1


# COUNT0: 465284395
# COUNT1: 1
# COUNT2: lps
# elapsed: 10.005640
# pid: 4250
# status: 0

#### Pass 2


# COUNT0: 461715643
# COUNT1: 1
# COUNT2: lps
# elapsed: 10.005247
# pid: 4265
# status: 0

#### Pass 3


# COUNT0: 468147985
# COUNT1: 1
# COUNT2: lps
# elapsed: 10.005072
# pid: 4274
# status: 0

#### Pass 4


# COUNT0: 468108293
# COUNT1: 1
# COUNT2: lps
# elapsed: 10.004930
# pid: 4283
# status: 0

#### Pass 5


# COUNT0: 468487935
# COUNT1: 1
# COUNT2: lps
# elapsed: 10.005134
# pid: 4293
# status: 0

#### Pass 6


# COUNT0: 467004665
# COUNT1: 1
# COUNT2: lps
# elapsed: 10.005110
# pid: 4302
# status: 0

#### Pass 7


# COUNT0: 468101327
# COUNT1: 1
# COUNT2: lps
# elapsed: 10.004943
# pid: 4312
# status: 0

#### Pass 8


# COUNT0: 467298469
# COUNT1: 1
# COUNT2: lps
# elapsed: 10.005188
# pid: 4321
# status: 0

#### Pass 9


# COUNT0: 467550337
# COUNT1: 1
# COUNT2: lps
# elapsed: 10.004883
# pid: 4330
# status: 0

#### Pass 10


# COUNT0: 468205574
# COUNT1: 1
# COUNT2: lps
# elapsed: 10.004737
# pid: 4339
# status: 0

*Dump score:  461715643.0
*Dump score:  465284395.0
*Dump score:  467004665.0
Count score:  467298469.0
Count score:  467550337.0
Count score:  468101327.0
Count score:  468108293.0
Count score:  468147985.0
Count score:  468205574.0
Count score:  468487935.0

>>>> Results of 1 copy
>>>> score: 46775242.6475233
>>>> time: 10.0049838571429
>>>> iterations: 7


########################################################
Double-Precision Whetstone -- 1 copy
==> "/home/ray/byte-unixbench-5.1.3/UnixBench/pgms/whetstone-double"  2>&1 >> "/home/ray/byte-unixbench-5.1.3/UnixBench/results/ray-2023-06-06-01.log"

#### Pass 1

Calibrate
       0.00 Seconds          1   Passes (x 100)
       0.01 Seconds          5   Passes (x 100)
       0.04 Seconds         25   Passes (x 100)
       0.17 Seconds        125   Passes (x 100)
       0.85 Seconds        625   Passes (x 100)

Use 7369  passes (x 100)

          Double Precision C/C++ Whetstone Benchmark

Loop content                  Result              MFLOPS      MOPS   Seconds

N1 floating point     -1.12398255667391744      1172.117              0.121
N2 floating point     -1.12187079889291219      1170.942              0.846
N3 if then else        1.00000000000000000               22473.746    0.034
N4 fixed point        12.00000000000000000               1160617472.095    0.000
N5 sin,cos etc.        0.49902937281518261                 211.971    2.892
N6 floating point      0.99999987890802811       939.737              4.230
N7 assignments         3.00000000000000000                5638.000    0.242
N8 exp,sqrt etc.       0.75100163018454191                 177.026    1.549

MWIPS                                           7433.951              9.913


# COUNT0: 7433.951
# COUNT1: 0
# COUNT2: MWIPS
# TIME: 9.913
# elapsed: 12.197881
# pid: 4348
# status: 0

#### Pass 2

Calibrate
       0.00 Seconds          1   Passes (x 100)
       0.01 Seconds          5   Passes (x 100)
       0.04 Seconds         25   Passes (x 100)
       0.17 Seconds        125   Passes (x 100)
       0.85 Seconds        625   Passes (x 100)

Use 7365  passes (x 100)

          Double Precision C/C++ Whetstone Benchmark

Loop content                  Result              MFLOPS      MOPS   Seconds

N1 floating point     -1.12398255667391744      1170.961              0.121
N2 floating point     -1.12187079889291219      1171.537              0.845
N3 if then else        1.00000000000000000               22496.016    0.034
N4 fixed point        12.00000000000000000               1159987456.095    0.000
N5 sin,cos etc.        0.49902937281518261                 211.906    2.892
N6 floating point      0.99999987890802811       939.840              4.227
N7 assignments         3.00000000000000000                5634.123    0.242
N8 exp,sqrt etc.       0.75100163018454191                 176.893    1.549

MWIPS                                           7432.893              9.909


# COUNT0: 7432.893
# COUNT1: 0
# COUNT2: MWIPS
# TIME: 9.909
# elapsed: 12.184752
# pid: 4357
# status: 0

#### Pass 3

Calibrate
       0.00 Seconds          1   Passes (x 100)
       0.01 Seconds          5   Passes (x 100)
       0.04 Seconds         25   Passes (x 100)
       0.17 Seconds        125   Passes (x 100)
       0.84 Seconds        625   Passes (x 100)

Use 7396  passes (x 100)

          Double Precision C/C++ Whetstone Benchmark

Loop content                  Result              MFLOPS      MOPS   Seconds

N1 floating point     -1.12398255667391744      1175.750              0.121
N2 floating point     -1.12187079889291219      1173.296              0.847
N3 if then else        1.00000000000000000               22458.808    0.034
N4 fixed point        12.00000000000000000               1164870016.096    0.000
N5 sin,cos etc.        0.49902937281518261                 212.666    2.893
N6 floating point      0.99999987890802811       943.637              4.228
N7 assignments         3.00000000000000000                5641.141    0.242
N8 exp,sqrt etc.       0.75100163018454191                 177.484    1.550

MWIPS                                           7458.864              9.916


# COUNT0: 7458.864
# COUNT1: 0
# COUNT2: MWIPS
# TIME: 9.916
# elapsed: 12.232705
# pid: 4366
# status: 0

#### Pass 4

Calibrate
       0.00 Seconds          1   Passes (x 100)
       0.01 Seconds          5   Passes (x 100)
       0.04 Seconds         25   Passes (x 100)
       0.17 Seconds        125   Passes (x 100)
       0.85 Seconds        625   Passes (x 100)

Use 7359  passes (x 100)

          Double Precision C/C++ Whetstone Benchmark

Loop content                  Result              MFLOPS      MOPS   Seconds

N1 floating point     -1.12398255667391744      1175.674              0.120
N2 floating point     -1.12187079889291219      1172.099              0.844
N3 if then else        1.00000000000000000               22462.443    0.034
N4 fixed point        12.00000000000000000               772695040.006    0.000
N5 sin,cos etc.        0.49902937281518261                 211.866    2.890
N6 floating point      0.99999987890802811       939.776              4.224
N7 assignments         3.00000000000000000                5636.416    0.241
N8 exp,sqrt etc.       0.75100163018454191                 176.982    1.547

MWIPS                                           7433.563              9.900


# COUNT0: 7433.563
# COUNT1: 0
# COUNT2: MWIPS
# TIME: 9.900
# elapsed: 12.175514
# pid: 4376
# status: 0

#### Pass 5

Calibrate
       0.00 Seconds          1   Passes (x 100)
       0.01 Seconds          5   Passes (x 100)
       0.04 Seconds         25   Passes (x 100)
       0.17 Seconds        125   Passes (x 100)
       0.85 Seconds        625   Passes (x 100)

Use 7367  passes (x 100)

          Double Precision C/C++ Whetstone Benchmark

Loop content                  Result              MFLOPS      MOPS   Seconds

N1 floating point     -1.12398255667391744      1171.797              0.121
N2 floating point     -1.12187079889291219      1172.254              0.845
N3 if then else        1.00000000000000000               22547.372    0.034
N4 fixed point        12.00000000000000000               1160302464.095    0.000
N5 sin,cos etc.        0.49902937281518261                 211.999    2.891
N6 floating point      0.99999987890802811       939.927              4.228
N7 assignments         3.00000000000000000                5639.622    0.241
N8 exp,sqrt etc.       0.75100163018454191                 177.004    1.548

MWIPS                                           7435.562              9.908


# COUNT0: 7435.562
# COUNT1: 0
# COUNT2: MWIPS
# TIME: 9.908
# elapsed: 12.188057
# pid: 4385
# status: 0

#### Pass 6

Calibrate
       0.00 Seconds          1   Passes (x 100)
       0.01 Seconds          5   Passes (x 100)
       0.04 Seconds         25   Passes (x 100)
       0.17 Seconds        125   Passes (x 100)
       0.85 Seconds        625   Passes (x 100)

Use 7388  passes (x 100)

          Double Precision C/C++ Whetstone Benchmark

Loop content                  Result              MFLOPS      MOPS   Seconds

N1 floating point     -1.12398255667391744      1166.781              0.122
N2 floating point     -1.12187079889291219      1171.998              0.847
N3 if then else        1.00000000000000000               22465.493    0.034
N4 fixed point        12.00000000000000000               1163609984.096    0.000
N5 sin,cos etc.        0.49902937281518261                 212.082    2.898
N6 floating point      0.99999987890802811       939.161              4.243
N7 assignments         3.00000000000000000                5621.003    0.243
N8 exp,sqrt etc.       0.75100163018454191                 176.964    1.553

MWIPS                                           7432.344              9.940


# COUNT0: 7432.344
# COUNT1: 0
# COUNT2: MWIPS
# TIME: 9.940
# elapsed: 12.220219
# pid: 4394
# status: 0

#### Pass 7

Calibrate
       0.00 Seconds          1   Passes (x 100)
       0.01 Seconds          5   Passes (x 100)
       0.03 Seconds         25   Passes (x 100)
       0.17 Seconds        125   Passes (x 100)
       0.85 Seconds        625   Passes (x 100)

Use 7396  passes (x 100)

          Double Precision C/C++ Whetstone Benchmark

Loop content                  Result              MFLOPS      MOPS   Seconds

N1 floating point     -1.12398255667391744      1170.903              0.121
N2 floating point     -1.12187079889291219      1172.180              0.848
N3 if then else        1.00000000000000000               22477.273    0.034
N4 fixed point        12.00000000000000000               1164870016.096    0.000
N5 sin,cos etc.        0.49902937281518261                 211.838    2.905
N6 floating point      0.99999987890802811       939.613              4.246
N7 assignments         3.00000000000000000                5635.768    0.243
N8 exp,sqrt etc.       0.75100163018454191                 176.937    1.555

MWIPS                                           7432.093              9.951


# COUNT0: 7432.093
# COUNT1: 0
# COUNT2: MWIPS
# TIME: 9.951
# elapsed: 12.234014
# pid: 4403
# status: 0

#### Pass 8

Calibrate
       0.00 Seconds          1   Passes (x 100)
       0.01 Seconds          5   Passes (x 100)
       0.04 Seconds         25   Passes (x 100)
       0.17 Seconds        125   Passes (x 100)
       0.85 Seconds        625   Passes (x 100)

Use 7361  passes (x 100)

          Double Precision C/C++ Whetstone Benchmark

Loop content                  Result              MFLOPS      MOPS   Seconds

N1 floating point     -1.12398255667391744      1171.228              0.121
N2 floating point     -1.12187079889291219      1172.551              0.844
N3 if then else        1.00000000000000000               22551.015    0.034
N4 fixed point        12.00000000000000000               1159357440.095    0.000
N5 sin,cos etc.        0.49902937281518261                 212.002    2.889
N6 floating point      0.99999987890802811       939.846              4.225
N7 assignments         3.00000000000000000                5641.034    0.241
N8 exp,sqrt etc.       0.75100163018454191                 176.937    1.548

MWIPS                                           7435.049              9.900


# COUNT0: 7435.049
# COUNT1: 0
# COUNT2: MWIPS
# TIME: 9.900
# elapsed: 12.181824
# pid: 4412
# status: 0

#### Pass 9

Calibrate
       0.00 Seconds          1   Passes (x 100)
       0.01 Seconds          5   Passes (x 100)
       0.03 Seconds         25   Passes (x 100)
       0.17 Seconds        125   Passes (x 100)
       0.85 Seconds        625   Passes (x 100)

Use 7390  passes (x 100)

          Double Precision C/C++ Whetstone Benchmark

Loop content                  Result              MFLOPS      MOPS   Seconds

N1 floating point     -1.12398255667391744      1171.549              0.121
N2 floating point     -1.12187079889291219      1170.214              0.849
N3 if then else        1.00000000000000000               22520.538    0.034
N4 fixed point        12.00000000000000000               775949994.673    0.000
N5 sin,cos etc.        0.49902937281518261                 211.948    2.901
N6 floating point      0.99999987890802811       939.839              4.241
N7 assignments         3.00000000000000000                5638.566    0.242
N8 exp,sqrt etc.       0.75100163018454191                 177.032    1.553

MWIPS                                           7433.740              9.941


# COUNT0: 7433.740
# COUNT1: 0
# COUNT2: MWIPS
# TIME: 9.941
# elapsed: 12.229343
# pid: 4421
# status: 0

#### Pass 10

Calibrate
       0.00 Seconds          1   Passes (x 100)
       0.01 Seconds          5   Passes (x 100)
       0.04 Seconds         25   Passes (x 100)
       0.17 Seconds        125   Passes (x 100)
       0.85 Seconds        625   Passes (x 100)

Use 7359  passes (x 100)

          Double Precision C/C++ Whetstone Benchmark

Loop content                  Result              MFLOPS      MOPS   Seconds

N1 floating point     -1.12398255667391744      1171.859              0.121
N2 floating point     -1.12187079889291219      1172.534              0.844
N3 if then else        1.00000000000000000               22527.551    0.034
N4 fixed point        12.00000000000000000               1159042560.095    0.000
N5 sin,cos etc.        0.49902937281518261                 211.982    2.888
N6 floating point      0.99999987890802811       939.727              4.224
N7 assignments         3.00000000000000000                5643.058    0.241
N8 exp,sqrt etc.       0.75100163018454191                 176.995    1.547

MWIPS                                           7434.897              9.898


# COUNT0: 7434.897
# COUNT1: 0
# COUNT2: MWIPS
# TIME: 9.898
# elapsed: 12.173052
# pid: 4430
# status: 0

*Dump score:       7432.1
*Dump score:       7432.3
*Dump score:       7432.9
Count score:       7433.6
Count score:       7433.7
Count score:       7434.0
Count score:       7434.9
Count score:       7435.0
Count score:       7435.6
Count score:       7458.9

>>>> Results of 1 copy
>>>> score: 7437.94164492037
>>>> time: 9.91085714285714
>>>> iterations: 7


########################################################
Execl Throughput -- 1 copy
==> "/home/ray/byte-unixbench-5.1.3/UnixBench/pgms/execl" 30 2>&1 >> "/home/ray/byte-unixbench-5.1.3/UnixBench/results/ray-2023-06-06-01.log"

#### Pass 1


# COUNT0: 114500
# COUNT1: 1
# COUNT2: lps
# elapsed: 29.963187
# pid: 4439
# status: 0

#### Pass 2


# COUNT0: 113430
# COUNT1: 1
# COUNT2: lps
# elapsed: 29.982147
# pid: 4451
# status: 0

#### Pass 3


# COUNT0: 111061
# COUNT1: 1
# COUNT2: lps
# elapsed: 29.981745
# pid: 4460
# status: 0

*Dump score:     111061.0
Count score:     113430.0
Count score:     114500.0

>>>> Results of 1 copy
>>>> score: 3802.25589985367
>>>> time: 29.972667
>>>> iterations: 2


########################################################
File Copy 1024 bufsize 2000 maxblocks -- 1 copy
==> "/home/ray/byte-unixbench-5.1.3/UnixBench/pgms/fstime" -c -t 30 -d "/home/ray/byte-unixbench-5.1.3/UnixBench/tmp" -b 1024 -m 2000 2>&1 >> "/home/ray/byte-unixbench-5.1.3/UnixBench/results/ray-2023-06-06-01.log"

#### Pass 1

Write done: 17624000 in 2.0006, score 2202334
Read done: 26559656 in 2.0000, score 3319938
Copy done: 143056748 in 30.0000, score 1192138

# COUNT0: 1192138
# COUNT1: 0
# COUNT2: KBps
# TIME: 30.0
# elapsed: 45.461958
# pid: 4855
# status: 0

#### Pass 2

Write done: 18320000 in 2.0008, score 2289056
Read done: 27025788 in 2.0000, score 3378206
Copy done: 147255200 in 30.0000, score 1227126

# COUNT0: 1227126
# COUNT1: 0
# COUNT2: KBps
# TIME: 30.0
# elapsed: 45.352690
# pid: 12094
# status: 0

#### Pass 3

Write done: 17512000 in 2.0004, score 2188516
Read done: 26437360 in 2.0000, score 3304633
Copy done: 136644964 in 30.0000, score 1138706

# COUNT0: 1138706
# COUNT1: 0
# COUNT2: KBps
# TIME: 30.0
# elapsed: 45.391396
# pid: 14058
# status: 0

*Dump score:    1138706.0
Count score:    1192138.0
Count score:    1227126.0

>>>> Results of 1 copy
>>>> score: 1209505.49208675
>>>> time: 30
>>>> iterations: 2


########################################################
File Copy 256 bufsize 500 maxblocks -- 1 copy
==> "/home/ray/byte-unixbench-5.1.3/UnixBench/pgms/fstime" -c -t 30 -d "/home/ray/byte-unixbench-5.1.3/UnixBench/tmp" -b 256 -m 500 2>&1 >> "/home/ray/byte-unixbench-5.1.3/UnixBench/results/ray-2023-06-06-01.log"

#### Pass 1

